localhost - - [18/Nov/2013 20:08:10] "GET /trix/trix.tar HTTP/1.1" 200 -
localhost - - [18/Nov/2013 20:08:10] "GET /trix/level-1/.manifest HTTP/1.1" 200 -
localhost - - [18/Nov/2013 20:08:11] "GET /trix/level-1/.level-001 HTTP/1.1" 200 -
localhost - - [18/Nov/2013 20:08:12] "GET /trix/level-1/solve.mission HTTP/1.1" 200 -
localhost - - [18/Nov/2013 20:08:13] "GET /trix/level-1/solve.key HTTP/1.1" 200 -
localhost - - [18/Nov/2013 20:08:14] "HEAD /trix/level-1/badges HTTP/1.1" 200 -
localhost - - [18/Nov/2013 20:08:14] "GET /trix/level-1/badges HTTP/1.1" 200 -
localhost - - [18/Nov/2013 20:08:15] code 404, message File not found
localhost - - [18/Nov/2013 20:08:15] "HEAD /trix/level-1/.connection HTTP/1.1" 404 -
localhost - - [18/Nov/2013 20:08:16] "HEAD /trix/level-1/dict HTTP/1.1" 200 -
localhost - - [18/Nov/2013 20:08:16] "GET /trix/level-1/dict HTTP/1.1" 200 -
localhost - - [18/Nov/2013 20:08:17] "HEAD /trix/level-1/faq.txt HTTP/1.1" 200 -
localhost - - [18/Nov/2013 20:08:17] "GET /trix/level-1/faq.txt HTTP/1.1" 200 -
localhost - - [18/Nov/2013 20:08:18] code 404, message File not found
localhost - - [18/Nov/2013 20:08:18] "HEAD /trix/level-1/.level HTTP/1.1" 404 -
localhost - - [18/Nov/2013 20:08:19] code 404, message File not found
localhost - - [18/Nov/2013 20:08:19] "HEAD /trix/level-1/.levelup HTTP/1.1" 404 -
localhost - - [18/Nov/2013 20:08:20] "HEAD /trix/level-1/missions HTTP/1.1" 200 -
localhost - - [18/Nov/2013 20:08:20] "GET /trix/level-1/missions HTTP/1.1" 200 -
localhost - - [18/Nov/2013 20:08:21] code 404, message File not found
localhost - - [18/Nov/2013 20:08:21] "HEAD /trix/level-1/.path HTTP/1.1" 404 -
localhost - - [18/Nov/2013 20:08:22] "HEAD /trix/level-1/readme.txt HTTP/1.1" 200 -
localhost - - [18/Nov/2013 20:08:22] "GET /trix/level-1/readme.txt HTTP/1.1" 200 -
localhost - - [18/Nov/2013 20:08:23] "HEAD /trix/level-1/score HTTP/1.1" 200 -
localhost - - [18/Nov/2013 20:08:23] "GET /trix/level-1/score HTTP/1.1" 200 -
localhost - - [18/Nov/2013 20:08:24] "HEAD /trix/level-1/setup HTTP/1.1" 200 -
localhost - - [18/Nov/2013 20:08:24] "GET /trix/level-1/setup HTTP/1.1" 200 -
localhost - - [18/Nov/2013 20:08:25] "HEAD /trix/level-1/solve HTTP/1.1" 200 -
localhost - - [18/Nov/2013 20:08:25] "GET /trix/level-1/solve HTTP/1.1" 200 -
localhost - - [18/Nov/2013 20:08:26] "HEAD /trix/level-1/status HTTP/1.1" 200 -
localhost - - [18/Nov/2013 20:08:26] "GET /trix/level-1/status HTTP/1.1" 200 -
localhost - - [18/Nov/2013 20:08:26] "HEAD /trix//index.html HTTP/1.1" 200 -
localhost - - [18/Nov/2013 20:08:26] "HEAD /trix/level-1/test-key.solution HTTP/1.1" 200 -
localhost - - [18/Nov/2013 20:08:26] "GET /trix/level-1/test-key.solution HTTP/1.1" 200 -
localhost - - [18/Nov/2013 20:08:26] "HEAD /trix//index.html HTTP/1.1" 200 -
localhost - - [18/Nov/2013 20:08:26] "HEAD /trix/level-1/solve-trix.solution HTTP/1.1" 200 -
localhost - - [18/Nov/2013 20:08:26] "GET /trix/level-1/solve-trix.solution HTTP/1.1" 200 -
localhost - - [18/Nov/2013 20:08:26] "GET /trix/level-2/.manifest HTTP/1.1" 200 -
localhost - - [18/Nov/2013 20:08:27] "GET /trix/level-2/.level-002 HTTP/1.1" 200 -
localhost - - [18/Nov/2013 20:08:28] "GET /trix/level-2/upgrade-grep.sh HTTP/1.1" 200 -
localhost - - [18/Nov/2013 20:08:29] "GET /trix/level-2/data.tar HTTP/1.1" 200 -
localhost - - [18/Nov/2013 20:08:31] "GET /trix/level-2/ugb.mission HTTP/1.1" 200 -
localhost - - [18/Nov/2013 20:08:32] "GET /trix/level-2/ugc.mission HTTP/1.1" 200 -
localhost - - [18/Nov/2013 20:08:33] "GET /trix/level-2/ugd.mission HTTP/1.1" 200 -
localhost - - [18/Nov/2013 20:08:34] "GET /trix/level-2/uge.mission HTTP/1.1" 200 -
localhost - - [18/Nov/2013 20:08:35] "GET /trix/level-2/ugf.mission HTTP/1.1" 200 -
localhost - - [18/Nov/2013 20:08:36] "GET /trix/level-2/ugg.mission HTTP/1.1" 200 -
localhost - - [18/Nov/2013 20:08:38] "HEAD /trix//index.html HTTP/1.1" 200 -
localhost - - [18/Nov/2013 20:08:38] "HEAD /trix/level-2/ugb-3.solution HTTP/1.1" 200 -
localhost - - [18/Nov/2013 20:08:38] "GET /trix/level-2/ugb-3.solution HTTP/1.1" 200 -
localhost - - [18/Nov/2013 20:08:38] "HEAD /trix//index.html HTTP/1.1" 200 -
localhost - - [18/Nov/2013 20:08:38] "HEAD /trix/level-2/ugc-3.solution HTTP/1.1" 200 -
localhost - - [18/Nov/2013 20:08:38] "GET /trix/level-2/ugc-3.solution HTTP/1.1" 200 -
localhost - - [18/Nov/2013 20:08:38] "HEAD /trix//index.html HTTP/1.1" 200 -
localhost - - [18/Nov/2013 20:08:38] "HEAD /trix/level-2/ugd-117.solution HTTP/1.1" 200 -
localhost - - [18/Nov/2013 20:08:38] "GET /trix/level-2/ugd-117.solution HTTP/1.1" 200 -
localhost - - [18/Nov/2013 20:08:38] "HEAD /trix//index.html HTTP/1.1" 200 -
localhost - - [18/Nov/2013 20:08:38] "HEAD /trix/level-2/uge-60.solution HTTP/1.1" 200 -
localhost - - [18/Nov/2013 20:08:38] "GET /trix/level-2/uge-60.solution HTTP/1.1" 200 -
localhost - - [18/Nov/2013 20:08:38] "HEAD /trix//index.html HTTP/1.1" 200 -
localhost - - [18/Nov/2013 20:08:38] "HEAD /trix/level-2/ugf-157.solution HTTP/1.1" 200 -
localhost - - [18/Nov/2013 20:08:38] "GET /trix/level-2/ugf-157.solution HTTP/1.1" 200 -
localhost - - [18/Nov/2013 20:08:38] "HEAD /trix//index.html HTTP/1.1" 200 -
localhost - - [18/Nov/2013 20:08:38] "HEAD /trix/level-2/ugg-139.solution HTTP/1.1" 200 -
localhost - - [18/Nov/2013 20:08:38] "GET /trix/level-2/ugg-139.solution HTTP/1.1" 200 -
localhost - - [18/Nov/2013 20:08:38] "GET /trix/level-3/.manifest HTTP/1.1" 200 -
localhost - - [18/Nov/2013 20:08:39] "GET /trix/level-3/.level-003 HTTP/1.1" 200 -
localhost - - [18/Nov/2013 20:08:40] "GET /trix/level-3/upgrade-sort.sh HTTP/1.1" 200 -
localhost - - [18/Nov/2013 20:08:41] "GET /trix/level-3/tga.mission HTTP/1.1" 200 -
localhost - - [18/Nov/2013 20:08:42] "GET /trix/level-3/tgb.mission HTTP/1.1" 200 -
localhost - - [18/Nov/2013 20:08:43] "GET /trix/level-3/tgc.mission HTTP/1.1" 200 -
localhost - - [18/Nov/2013 20:08:44] "GET /trix/level-3/tgd.mission HTTP/1.1" 200 -
localhost - - [18/Nov/2013 20:08:45] "GET /trix/level-3/tge.mission HTTP/1.1" 200 -
localhost - - [18/Nov/2013 20:08:46] "GET /trix/level-3/tgf.mission HTTP/1.1" 200 -
localhost - - [18/Nov/2013 20:08:47] "GET /trix/level-3/tgg.mission HTTP/1.1" 200 -
localhost - - [18/Nov/2013 20:08:49] "HEAD /trix//index.html HTTP/1.1" 200 -
localhost - - [18/Nov/2013 20:08:49] "HEAD /trix/level-3/tga-179.solution HTTP/1.1" 200 -
localhost - - [18/Nov/2013 20:08:49] "GET /trix/level-3/tga-179.solution HTTP/1.1" 200 -
localhost - - [18/Nov/2013 20:08:50] "HEAD /trix//index.html HTTP/1.1" 200 -
localhost - - [18/Nov/2013 20:08:50] "HEAD /trix/level-3/tgb-7.solution HTTP/1.1" 200 -
localhost - - [18/Nov/2013 20:08:50] "GET /trix/level-3/tgb-7.solution HTTP/1.1" 200 -
localhost - - [18/Nov/2013 20:08:50] "HEAD /trix//index.html HTTP/1.1" 200 -
localhost - - [18/Nov/2013 20:08:50] "HEAD /trix/level-3/tgc-1187.solution HTTP/1.1" 200 -
localhost - - [18/Nov/2013 20:08:50] "GET /trix/level-3/tgc-1187.solution HTTP/1.1" 200 -
localhost - - [18/Nov/2013 20:08:50] "HEAD /trix//index.html HTTP/1.1" 200 -
localhost - - [18/Nov/2013 20:08:50] "HEAD /trix//index.html HTTP/1.1" 200 -
localhost - - [18/Nov/2013 20:08:50] "HEAD /trix/level-3/tgd-8e2fe2ee9122ad97f0c93d5de457f5d9.solution HTTP/1.1" 200 -
localhost - - [18/Nov/2013 20:08:50] "GET /trix/level-3/tgd-8e2fe2ee9122ad97f0c93d5de457f5d9.solution HTTP/1.1" 200 -
localhost - - [18/Nov/2013 20:08:50] "HEAD /trix//index.html HTTP/1.1" 200 -
localhost - - [18/Nov/2013 20:08:50] "HEAD /trix//index.html HTTP/1.1" 200 -
localhost - - [18/Nov/2013 20:08:50] "HEAD /trix/level-3/tge-35a96e729f2cf1982e787e2ff28b9b36.solution HTTP/1.1" 200 -
localhost - - [18/Nov/2013 20:08:50] "GET /trix/level-3/tge-35a96e729f2cf1982e787e2ff28b9b36.solution HTTP/1.1" 200 -
localhost - - [18/Nov/2013 20:08:50] "HEAD /trix//index.html HTTP/1.1" 200 -
localhost - - [18/Nov/2013 20:08:50] "HEAD /trix/level-3/tgf-19811.solution HTTP/1.1" 200 -
localhost - - [18/Nov/2013 20:08:50] "GET /trix/level-3/tgf-19811.solution HTTP/1.1" 200 -
localhost - - [18/Nov/2013 20:08:50] "HEAD /trix//index.html HTTP/1.1" 200 -
localhost - - [18/Nov/2013 20:08:50] "HEAD /trix//index.html HTTP/1.1" 200 -
localhost - - [18/Nov/2013 20:08:50] "HEAD /trix/level-3/tgg-a2b9d0f9c3acccdb973dfa3e1686b255.solution HTTP/1.1" 200 -
localhost - - [18/Nov/2013 20:08:50] "GET /trix/level-3/tgg-a2b9d0f9c3acccdb973dfa3e1686b255.solution HTTP/1.1" 200 -
localhost - - [18/Nov/2013 20:08:50] "GET /trix/level-4/.manifest HTTP/1.1" 200 -
localhost - - [18/Nov/2013 20:08:51] "GET /trix/level-4/.level-004 HTTP/1.1" 200 -
localhost - - [18/Nov/2013 20:08:52] "GET /trix/level-4/spellcheck.mission HTTP/1.1" 200 -
localhost - - [18/Nov/2013 20:08:53] "GET /trix/level-4/data/passwd HTTP/1.1" 200 -
localhost - - [18/Nov/2013 20:08:54] "GET /trix/level-4/rsa.mission HTTP/1.1" 200 -
localhost - - [18/Nov/2013 20:08:55] "GET /trix/level-4/rsb.mission HTTP/1.1" 200 -
localhost - - [18/Nov/2013 20:08:56] "GET /trix/level-4/rsc.mission HTTP/1.1" 200 -
localhost - - [18/Nov/2013 20:08:57] "GET /trix/level-4/rsd.mission HTTP/1.1" 200 -
localhost - - [18/Nov/2013 20:08:58] "GET /trix/level-4/rse.mission HTTP/1.1" 200 -
localhost - - [18/Nov/2013 20:09:00] "HEAD /trix//index.html HTTP/1.1" 200 -
localhost - - [18/Nov/2013 20:09:00] "HEAD /trix/level-4/spellcheck-109.solution HTTP/1.1" 200 -
localhost - - [18/Nov/2013 20:09:00] "GET /trix/level-4/spellcheck-109.solution HTTP/1.1" 200 -
localhost - - [18/Nov/2013 20:09:00] "HEAD /trix//index.html HTTP/1.1" 200 -
localhost - - [18/Nov/2013 20:09:00] "HEAD /trix/level-4/rsa-787.solution HTTP/1.1" 200 -
localhost - - [18/Nov/2013 20:09:00] "GET /trix/level-4/rsa-787.solution HTTP/1.1" 200 -
localhost - - [18/Nov/2013 20:09:00] "HEAD /trix//index.html HTTP/1.1" 200 -
localhost - - [18/Nov/2013 20:09:01] "HEAD /trix/level-4/rsb-13.solution HTTP/1.1" 200 -
localhost - - [18/Nov/2013 20:09:01] "GET /trix/level-4/rsb-13.solution HTTP/1.1" 200 -
localhost - - [18/Nov/2013 20:09:01] "HEAD /trix//index.html HTTP/1.1" 200 -
localhost - - [18/Nov/2013 20:09:01] "HEAD /trix/level-4/rsc-502.solution HTTP/1.1" 200 -
localhost - - [18/Nov/2013 20:09:01] "GET /trix/level-4/rsc-502.solution HTTP/1.1" 200 -
localhost - - [18/Nov/2013 20:09:01] "HEAD /trix//index.html HTTP/1.1" 200 -
localhost - - [18/Nov/2013 20:09:01] "HEAD /trix/level-4/rsd-5348.solution HTTP/1.1" 200 -
localhost - - [18/Nov/2013 20:09:01] "GET /trix/level-4/rsd-5348.solution HTTP/1.1" 200 -
localhost - - [18/Nov/2013 20:09:01] "HEAD /trix//index.html HTTP/1.1" 200 -
localhost - - [18/Nov/2013 20:09:01] "HEAD /trix/level-4/rse-4883.solution HTTP/1.1" 200 -
localhost - - [18/Nov/2013 20:09:01] "GET /trix/level-4/rse-4883.solution HTTP/1.1" 200 -
localhost - - [18/Nov/2013 20:09:01] "GET /trix/level-5/.manifest HTTP/1.1" 200 -
localhost - - [18/Nov/2013 20:09:02] "GET /trix/level-5/.level-005 HTTP/1.1" 200 -
localhost - - [18/Nov/2013 20:09:03] "GET /trix/level-5/ugz.mission HTTP/1.1" 200 -
localhost - - [18/Nov/2013 20:09:05] "HEAD /trix//index.html HTTP/1.1" 200 -
localhost - - [18/Nov/2013 20:09:05] "HEAD /trix/level-5/ugz-e62bd2583e0b81a9a089479ee07fa6fe.solution HTTP/1.1" 200 -
localhost - - [18/Nov/2013 20:09:05] "GET /trix/level-5/ugz-e62bd2583e0b81a9a089479ee07fa6fe.solution HTTP/1.1" 200 -
localhost - - [18/Nov/2013 20:09:05] "HEAD /trix//index.html HTTP/1.1" 200 -
localhost - - [18/Nov/2013 20:09:05] "GET /trix/level-6/.manifest HTTP/1.1" 200 -
localhost - - [18/Nov/2013 20:09:06] "GET /trix/level-6/.level-006 HTTP/1.1" 200 -
localhost - - [18/Nov/2013 20:09:08] "HEAD /trix//index.html HTTP/1.1" 200 -
